2025-09-29 07:25:20 - FacebookBot - INFO - [main.py:56] - ✅ Advanced database setup completed successfully
2025-09-29 07:25:20 - FacebookBot - INFO - [main.py:56] - ✅ Advanced database setup completed successfully
2025-09-29 07:25:20 - FacebookBot - INFO - [main.py:56] - 🚀 Initializing Advanced Facebook Bot...
2025-09-29 07:25:20 - FacebookBot - INFO - [main.py:56] - 🚀 Initializing Advanced Facebook Bot...
2025-09-29 07:25:20 - FacebookBot - INFO - [main.py:56] - 🚀 Initializing Advanced Facebook Bot...
2025-09-29 07:25:20 - FacebookBot - INFO - [main.py:56] - 🚀 Initializing Advanced Facebook Bot...
2025-09-29 07:25:20 - FacebookBot - INFO - [main.py:56] - 🚀 Initializing Advanced Facebook Bot...
2025-09-29 07:25:23 - FacebookBot - INFO - [main.py:56] - ✅ Advanced browser initialized successfully - Session: f1f997491c534954
2025-09-29 07:25:23 - FacebookBot - INFO - [main.py:56] - ✅ Advanced browser initialized successfully - Session: f1f997491c534954
2025-09-29 07:25:23 - FacebookBot - INFO - [main.py:56] - ✅ Advanced browser initialized successfully - Session: f1f997491c534954
2025-09-29 07:25:23 - FacebookBot - INFO - [main.py:56] - ✅ Advanced browser initialized successfully - Session: f1f997491c534954
2025-09-29 07:25:23 - FacebookBot - INFO - [main.py:56] - ✅ Advanced browser initialized successfully - Session: f1f997491c534954
2025-09-29 07:25:23 - FacebookBot - INFO - [main.py:56] - ✅ Bot initialization completed successfully
2025-09-29 07:25:23 - FacebookBot - INFO - [main.py:56] - ✅ Bot initialization completed successfully
2025-09-29 07:25:23 - FacebookBot - INFO - [main.py:56] - ✅ Bot initialization completed successfully
2025-09-29 07:25:23 - FacebookBot - INFO - [main.py:56] - ✅ Bot initialization completed successfully
2025-09-29 07:25:23 - FacebookBot - INFO - [main.py:56] - ✅ Bot initialization completed successfully
2025-09-29 07:25:23 - FacebookBot - INFO - [main.py:56] - 🧪 Running single test cycle...
2025-09-29 07:25:23 - FacebookBot - INFO - [main.py:56] - 🧪 Running single test cycle...
2025-09-29 07:25:23 - FacebookBot - INFO - [main.py:56] - 🧪 Running single test cycle...
2025-09-29 07:25:23 - FacebookBot - INFO - [main.py:56] - 🧪 Running single test cycle...
2025-09-29 07:25:23 - FacebookBot - INFO - [main.py:56] - 🧪 Running single test cycle...
2025-09-29 07:25:23 - FacebookBot - INFO - [main.py:56] - 🔄 Starting bot cycle...
2025-09-29 07:25:23 - FacebookBot - INFO - [main.py:56] - 🔄 Starting bot cycle...
2025-09-29 07:25:23 - FacebookBot - INFO - [main.py:56] - 🔄 Starting bot cycle...
2025-09-29 07:25:23 - FacebookBot - INFO - [main.py:56] - 🔄 Starting bot cycle...
2025-09-29 07:25:23 - FacebookBot - INFO - [main.py:56] - 🔄 Starting bot cycle...
2025-09-29 07:25:24 - FacebookBot - INFO - [main.py:56] - 🔄 Login attempt 1/3
2025-09-29 07:25:24 - FacebookBot - INFO - [main.py:56] - 🔄 Login attempt 1/3
2025-09-29 07:25:24 - FacebookBot - INFO - [main.py:56] - 🔄 Login attempt 1/3
2025-09-29 07:25:24 - FacebookBot - INFO - [main.py:56] - 🔄 Login attempt 1/3
2025-09-29 07:25:24 - FacebookBot - INFO - [main.py:56] - 🔄 Login attempt 1/3
2025-09-29 07:27:51 - FacebookBot - INFO - [main.py:56] - 🔄 Login attempt 2/3
2025-09-29 07:27:51 - FacebookBot - INFO - [main.py:56] - 🔄 Login attempt 2/3
2025-09-29 07:27:51 - FacebookBot - INFO - [main.py:56] - 🔄 Login attempt 2/3
2025-09-29 07:27:51 - FacebookBot - INFO - [main.py:56] - 🔄 Login attempt 2/3
2025-09-29 07:27:51 - FacebookBot - INFO - [main.py:56] - 🔄 Login attempt 2/3
2025-09-29 07:29:38 - FacebookBot - INFO - [main.py:56] - ✅ Cookies saved successfully
2025-09-29 07:29:38 - FacebookBot - INFO - [main.py:56] - ✅ Cookies saved successfully
2025-09-29 07:29:38 - FacebookBot - INFO - [main.py:56] - ✅ Cookies saved successfully
2025-09-29 07:29:38 - FacebookBot - INFO - [main.py:56] - ✅ Cookies saved successfully
2025-09-29 07:29:38 - FacebookBot - INFO - [main.py:56] - ✅ Cookies saved successfully
2025-09-29 07:29:49 - FacebookBot - INFO - [main.py:56] - ✅ Successfully navigated to Marketplace
2025-09-29 07:29:49 - FacebookBot - INFO - [main.py:56] - ✅ Successfully navigated to Marketplace
2025-09-29 07:29:49 - FacebookBot - INFO - [main.py:56] - ✅ Successfully navigated to Marketplace
2025-09-29 07:29:49 - FacebookBot - INFO - [main.py:56] - ✅ Successfully navigated to Marketplace
2025-09-29 07:29:49 - FacebookBot - INFO - [main.py:56] - ✅ Successfully navigated to Marketplace
2025-09-29 07:30:33 - FacebookBot - INFO - [main.py:56] - ✅ Found 0 active listings
2025-09-29 07:30:33 - FacebookBot - INFO - [main.py:56] - ✅ Found 0 active listings
2025-09-29 07:30:33 - FacebookBot - INFO - [main.py:56] - ✅ Found 0 active listings
2025-09-29 07:30:33 - FacebookBot - INFO - [main.py:56] - ✅ Found 0 active listings
2025-09-29 07:30:33 - FacebookBot - INFO - [main.py:56] - ✅ Found 0 active listings
2025-09-29 07:30:33 - FacebookBot - WARNING - [main.py:62] - ⚠️ No listings found
2025-09-29 07:30:33 - FacebookBot - WARNING - [main.py:62] - ⚠️ No listings found
2025-09-29 07:30:33 - FacebookBot - WARNING - [main.py:62] - ⚠️ No listings found
2025-09-29 07:30:33 - FacebookBot - WARNING - [main.py:62] - ⚠️ No listings found
2025-09-29 07:30:33 - FacebookBot - WARNING - [main.py:62] - ⚠️ No listings found
2025-09-29 07:30:33 - FacebookBot - INFO - [main.py:56] - 🎉 Test cycle completed successfully!
2025-09-29 07:30:33 - FacebookBot - INFO - [main.py:56] - 🎉 Test cycle completed successfully!
2025-09-29 07:30:33 - FacebookBot - INFO - [main.py:56] - 🎉 Test cycle completed successfully!
2025-09-29 07:30:33 - FacebookBot - INFO - [main.py:56] - 🎉 Test cycle completed successfully!
2025-09-29 07:30:33 - FacebookBot - INFO - [main.py:56] - 🎉 Test cycle completed successfully!
2025-09-29 07:39:58 - FacebookBot - INFO - [main.py:56] - 🔄 Starting continuous operation...
2025-09-29 07:39:58 - FacebookBot - INFO - [main.py:56] - 🔄 Starting continuous operation...
2025-09-29 07:39:58 - FacebookBot - INFO - [main.py:56] - 🔄 Starting continuous operation...
2025-09-29 07:39:58 - FacebookBot - INFO - [main.py:56] - 🔄 Starting continuous operation...
2025-09-29 07:39:58 - FacebookBot - INFO - [main.py:56] - 🔄 Starting continuous operation...
2025-09-29 07:39:58 - FacebookBot - INFO - [main.py:56] - 🔄 Starting continuous bot operation (interval: 6 hours)
2025-09-29 07:39:58 - FacebookBot - INFO - [main.py:56] - 🔄 Starting continuous bot operation (interval: 6 hours)
2025-09-29 07:39:58 - FacebookBot - INFO - [main.py:56] - 🔄 Starting continuous bot operation (interval: 6 hours)
2025-09-29 07:39:58 - FacebookBot - INFO - [main.py:56] - 🔄 Starting continuous bot operation (interval: 6 hours)
2025-09-29 07:39:58 - FacebookBot - INFO - [main.py:56] - 🔄 Starting continuous bot operation (interval: 6 hours)
2025-09-29 07:39:58 - FacebookBot - INFO - [main.py:56] - 🔄 Starting cycle 1...
2025-09-29 07:39:58 - FacebookBot - INFO - [main.py:56] - 🔄 Starting cycle 1...
2025-09-29 07:39:58 - FacebookBot - INFO - [main.py:56] - 🔄 Starting cycle 1...
2025-09-29 07:39:58 - FacebookBot - INFO - [main.py:56] - 🔄 Starting cycle 1...
2025-09-29 07:39:58 - FacebookBot - INFO - [main.py:56] - 🔄 Starting cycle 1...
2025-09-29 07:39:58 - FacebookBot - INFO - [main.py:56] - 🔄 Starting bot cycle...
2025-09-29 07:39:58 - FacebookBot - INFO - [main.py:56] - 🔄 Starting bot cycle...
2025-09-29 07:39:58 - FacebookBot - INFO - [main.py:56] - 🔄 Starting bot cycle...
2025-09-29 07:39:58 - FacebookBot - INFO - [main.py:56] - 🔄 Starting bot cycle...
2025-09-29 07:39:58 - FacebookBot - INFO - [main.py:56] - 🔄 Starting bot cycle...
2025-09-29 07:40:16 - FacebookBot - INFO - [main.py:56] - ✅ Logged in via cookies
2025-09-29 07:40:16 - FacebookBot - INFO - [main.py:56] - ✅ Logged in via cookies
2025-09-29 07:40:16 - FacebookBot - INFO - [main.py:56] - ✅ Logged in via cookies
2025-09-29 07:40:16 - FacebookBot - INFO - [main.py:56] - ✅ Logged in via cookies
2025-09-29 07:40:16 - FacebookBot - INFO - [main.py:56] - ✅ Logged in via cookies
2025-09-29 07:40:30 - FacebookBot - INFO - [main.py:56] - ✅ Successfully navigated to Marketplace
2025-09-29 07:40:30 - FacebookBot - INFO - [main.py:56] - ✅ Successfully navigated to Marketplace
2025-09-29 07:40:30 - FacebookBot - INFO - [main.py:56] - ✅ Successfully navigated to Marketplace
2025-09-29 07:40:30 - FacebookBot - INFO - [main.py:56] - ✅ Successfully navigated to Marketplace
2025-09-29 07:40:30 - FacebookBot - INFO - [main.py:56] - ✅ Successfully navigated to Marketplace
2025-09-29 07:40:42 - FacebookBot - INFO - [main.py:56] - ✅ Found 0 active listings
2025-09-29 07:40:42 - FacebookBot - INFO - [main.py:56] - ✅ Found 0 active listings
2025-09-29 07:40:42 - FacebookBot - INFO - [main.py:56] - ✅ Found 0 active listings
2025-09-29 07:40:42 - FacebookBot - INFO - [main.py:56] - ✅ Found 0 active listings
2025-09-29 07:40:42 - FacebookBot - INFO - [main.py:56] - ✅ Found 0 active listings
2025-09-29 07:40:42 - FacebookBot - WARNING - [main.py:62] - ⚠️ No listings found
2025-09-29 07:40:42 - FacebookBot - WARNING - [main.py:62] - ⚠️ No listings found
2025-09-29 07:40:42 - FacebookBot - WARNING - [main.py:62] - ⚠️ No listings found
2025-09-29 07:40:42 - FacebookBot - WARNING - [main.py:62] - ⚠️ No listings found
2025-09-29 07:40:42 - FacebookBot - WARNING - [main.py:62] - ⚠️ No listings found
2025-09-29 07:40:42 - FacebookBot - INFO - [main.py:56] - ✅ Cycle 1 completed successfully
2025-09-29 07:40:42 - FacebookBot - INFO - [main.py:56] - ✅ Cycle 1 completed successfully
2025-09-29 07:40:42 - FacebookBot - INFO - [main.py:56] - ✅ Cycle 1 completed successfully
2025-09-29 07:40:42 - FacebookBot - INFO - [main.py:56] - ✅ Cycle 1 completed successfully
2025-09-29 07:40:42 - FacebookBot - INFO - [main.py:56] - ✅ Cycle 1 completed successfully
2025-09-29 07:40:42 - FacebookBot - INFO - [main.py:56] - ⏰ Next cycle at: 2025-09-29 13:40:42
2025-09-29 07:40:42 - FacebookBot - INFO - [main.py:56] - ⏰ Next cycle at: 2025-09-29 13:40:42
2025-09-29 07:40:42 - FacebookBot - INFO - [main.py:56] - ⏰ Next cycle at: 2025-09-29 13:40:42
2025-09-29 07:40:42 - FacebookBot - INFO - [main.py:56] - ⏰ Next cycle at: 2025-09-29 13:40:42
2025-09-29 07:40:42 - FacebookBot - INFO - [main.py:56] - ⏰ Next cycle at: 2025-09-29 13:40:42
2025-09-29 07:40:42 - FacebookBot - INFO - [main.py:56] - ⏳ 6 hours until next cycle...
2025-09-29 07:40:42 - FacebookBot - INFO - [main.py:56] - ⏳ 6 hours until next cycle...
2025-09-29 07:40:42 - FacebookBot - INFO - [main.py:56] - ⏳ 6 hours until next cycle...
2025-09-29 07:40:42 - FacebookBot - INFO - [main.py:56] - ⏳ 6 hours until next cycle...
2025-09-29 07:40:42 - FacebookBot - INFO - [main.py:56] - ⏳ 6 hours until next cycle...
2025-09-29 07:50:09 - FacebookBot - INFO - [main.py:56] - 🛑 Bot stopped by user
2025-09-29 07:50:09 - FacebookBot - INFO - [main.py:56] - 🛑 Bot stopped by user
2025-09-29 07:50:09 - FacebookBot - INFO - [main.py:56] - 🛑 Bot stopped by user
2025-09-29 07:50:09 - FacebookBot - INFO - [main.py:56] - 🛑 Bot stopped by user
2025-09-29 07:50:09 - FacebookBot - INFO - [main.py:56] - 🛑 Bot stopped by user
2025-09-29 10:42:43 - FacebookBot - INFO - [main.py:56] - ✅ Advanced database setup completed successfully
2025-09-29 10:42:43 - FacebookBot - INFO - [main.py:56] - ✅ Advanced database setup completed successfully
2025-09-29 10:42:43 - FacebookBot - INFO - [main.py:56] - 🚀 Initializing Advanced Facebook Bot...
2025-09-29 10:42:43 - FacebookBot - INFO - [main.py:56] - 🚀 Initializing Advanced Facebook Bot...
2025-09-29 10:42:43 - FacebookBot - INFO - [main.py:56] - 🚀 Initializing Advanced Facebook Bot...
2025-09-29 10:42:43 - FacebookBot - INFO - [main.py:56] - 🚀 Initializing Advanced Facebook Bot...
2025-09-29 10:42:43 - FacebookBot - INFO - [main.py:56] - 🚀 Initializing Advanced Facebook Bot...
2025-09-29 10:42:51 - FacebookBot - INFO - [main.py:56] - ✅ Advanced browser initialized successfully - Session: af47ff8dfea3eb34
2025-09-29 10:42:51 - FacebookBot - INFO - [main.py:56] - ✅ Advanced browser initialized successfully - Session: af47ff8dfea3eb34
2025-09-29 10:42:51 - FacebookBot - INFO - [main.py:56] - ✅ Advanced browser initialized successfully - Session: af47ff8dfea3eb34
2025-09-29 10:42:51 - FacebookBot - INFO - [main.py:56] - ✅ Advanced browser initialized successfully - Session: af47ff8dfea3eb34
2025-09-29 10:42:51 - FacebookBot - INFO - [main.py:56] - ✅ Advanced browser initialized successfully - Session: af47ff8dfea3eb34
2025-09-29 10:42:51 - FacebookBot - INFO - [main.py:56] - ✅ Bot initialization completed successfully
2025-09-29 10:42:51 - FacebookBot - INFO - [main.py:56] - ✅ Bot initialization completed successfully
2025-09-29 10:42:51 - FacebookBot - INFO - [main.py:56] - ✅ Bot initialization completed successfully
2025-09-29 10:42:51 - FacebookBot - INFO - [main.py:56] - ✅ Bot initialization completed successfully
2025-09-29 10:42:51 - FacebookBot - INFO - [main.py:56] - ✅ Bot initialization completed successfully
2025-09-29 10:42:51 - FacebookBot - INFO - [main.py:56] - 🧪 Running single test cycle...
2025-09-29 10:42:51 - FacebookBot - INFO - [main.py:56] - 🧪 Running single test cycle...
2025-09-29 10:42:51 - FacebookBot - INFO - [main.py:56] - 🧪 Running single test cycle...
2025-09-29 10:42:51 - FacebookBot - INFO - [main.py:56] - 🧪 Running single test cycle...
2025-09-29 10:42:51 - FacebookBot - INFO - [main.py:56] - 🧪 Running single test cycle...
2025-09-29 10:42:51 - FacebookBot - INFO - [main.py:56] - 🔄 Starting bot cycle...
2025-09-29 10:42:51 - FacebookBot - INFO - [main.py:56] - 🔄 Starting bot cycle...
2025-09-29 10:42:51 - FacebookBot - INFO - [main.py:56] - 🔄 Starting bot cycle...
2025-09-29 10:42:51 - FacebookBot - INFO - [main.py:56] - 🔄 Starting bot cycle...
2025-09-29 10:42:51 - FacebookBot - INFO - [main.py:56] - 🔄 Starting bot cycle...
2025-09-29 10:43:19 - FacebookBot - INFO - [main.py:56] - ✅ Logged in via cookies
2025-09-29 10:43:19 - FacebookBot - INFO - [main.py:56] - ✅ Logged in via cookies
2025-09-29 10:43:19 - FacebookBot - INFO - [main.py:56] - ✅ Logged in via cookies
2025-09-29 10:43:19 - FacebookBot - INFO - [main.py:56] - ✅ Logged in via cookies
2025-09-29 10:43:19 - FacebookBot - INFO - [main.py:56] - ✅ Logged in via cookies
2025-09-29 10:43:41 - FacebookBot - INFO - [main.py:56] - ✅ Successfully navigated to Marketplace
2025-09-29 10:43:41 - FacebookBot - INFO - [main.py:56] - ✅ Successfully navigated to Marketplace
2025-09-29 10:43:41 - FacebookBot - INFO - [main.py:56] - ✅ Successfully navigated to Marketplace
2025-09-29 10:43:41 - FacebookBot - INFO - [main.py:56] - ✅ Successfully navigated to Marketplace
2025-09-29 10:43:41 - FacebookBot - INFO - [main.py:56] - ✅ Successfully navigated to Marketplace
2025-09-29 10:44:23 - FacebookBot - INFO - [main.py:56] - ✅ Found 0 active listings
2025-09-29 10:44:23 - FacebookBot - INFO - [main.py:56] - ✅ Found 0 active listings
2025-09-29 10:44:23 - FacebookBot - INFO - [main.py:56] - ✅ Found 0 active listings
2025-09-29 10:44:23 - FacebookBot - INFO - [main.py:56] - ✅ Found 0 active listings
2025-09-29 10:44:23 - FacebookBot - INFO - [main.py:56] - ✅ Found 0 active listings
2025-09-29 10:44:23 - FacebookBot - WARNING - [main.py:62] - ⚠️ No listings found
2025-09-29 10:44:23 - FacebookBot - WARNING - [main.py:62] - ⚠️ No listings found
2025-09-29 10:44:23 - FacebookBot - WARNING - [main.py:62] - ⚠️ No listings found
2025-09-29 10:44:23 - FacebookBot - WARNING - [main.py:62] - ⚠️ No listings found
2025-09-29 10:44:23 - FacebookBot - WARNING - [main.py:62] - ⚠️ No listings found
2025-09-29 10:44:23 - FacebookBot - INFO - [main.py:56] - 🎉 Test cycle completed successfully!
2025-09-29 10:44:23 - FacebookBot - INFO - [main.py:56] - 🎉 Test cycle completed successfully!
2025-09-29 10:44:23 - FacebookBot - INFO - [main.py:56] - 🎉 Test cycle completed successfully!
2025-09-29 10:44:23 - FacebookBot - INFO - [main.py:56] - 🎉 Test cycle completed successfully!
2025-09-29 10:44:23 - FacebookBot - INFO - [main.py:56] - 🎉 Test cycle completed successfully!
2025-09-29 11:19:45 - FacebookBot - INFO - [main.py:56] - 🛑 Single cycle completed, exiting...
2025-09-29 11:19:45 - FacebookBot - INFO - [main.py:56] - 🛑 Single cycle completed, exiting...
2025-09-29 11:19:45 - FacebookBot - INFO - [main.py:56] - 🛑 Single cycle completed, exiting...
2025-09-29 11:19:45 - FacebookBot - INFO - [main.py:56] - 🛑 Single cycle completed, exiting...
2025-09-29 11:19:45 - FacebookBot - INFO - [main.py:56] - 🛑 Single cycle completed, exiting...
2025-09-29 11:19:49 - FacebookBot - INFO - [main.py:56] - ✅ Browser closed successfully
2025-09-29 11:19:49 - FacebookBot - INFO - [main.py:56] - ✅ Browser closed successfully
2025-09-29 11:19:49 - FacebookBot - INFO - [main.py:56] - ✅ Browser closed successfully
2025-09-29 11:19:49 - FacebookBot - INFO - [main.py:56] - ✅ Browser closed successfully
2025-09-29 11:19:49 - FacebookBot - INFO - [main.py:56] - ✅ Browser closed successfully
2025-09-29 11:19:49 - FacebookBot - INFO - [main.py:56] - ✅ Bot cleanup completed
2025-09-29 11:19:49 - FacebookBot - INFO - [main.py:56] - ✅ Bot cleanup completed
2025-09-29 11:19:49 - FacebookBot - INFO - [main.py:56] - ✅ Bot cleanup completed
2025-09-29 11:19:49 - FacebookBot - INFO - [main.py:56] - ✅ Bot cleanup completed
2025-09-29 11:19:49 - FacebookBot - INFO - [main.py:56] - ✅ Bot cleanup completed
2025-09-29 11:20:16 - FacebookBot - INFO - [main.py:42] -  Advanced database setup completed successfully
2025-09-29 11:20:16 - FacebookBot - INFO - [main.py:42] -  Advanced database setup completed successfully
2025-09-29 11:20:16 - FacebookBot - INFO - [main.py:42] -  Initializing Advanced Facebook Bot...
2025-09-29 11:20:16 - FacebookBot - INFO - [main.py:42] -  Initializing Advanced Facebook Bot...
2025-09-29 11:20:16 - FacebookBot - INFO - [main.py:42] -  Initializing Advanced Facebook Bot...
2025-09-29 11:20:16 - FacebookBot - INFO - [main.py:42] -  Initializing Advanced Facebook Bot...
2025-09-29 11:20:16 - FacebookBot - INFO - [main.py:42] -  Initializing Advanced Facebook Bot...
2025-09-29 11:20:18 - FacebookBot - INFO - [main.py:42] -  Advanced browser initialized successfully - Session: 12327986039f71bb
2025-09-29 11:20:18 - FacebookBot - INFO - [main.py:42] -  Advanced browser initialized successfully - Session: 12327986039f71bb
2025-09-29 11:20:18 - FacebookBot - INFO - [main.py:42] -  Advanced browser initialized successfully - Session: 12327986039f71bb
2025-09-29 11:20:18 - FacebookBot - INFO - [main.py:42] -  Advanced browser initialized successfully - Session: 12327986039f71bb
2025-09-29 11:20:18 - FacebookBot - INFO - [main.py:42] -  Advanced browser initialized successfully - Session: 12327986039f71bb
2025-09-29 11:20:18 - FacebookBot - INFO - [main.py:42] -  Bot initialization completed successfully
2025-09-29 11:20:18 - FacebookBot - INFO - [main.py:42] -  Bot initialization completed successfully
2025-09-29 11:20:18 - FacebookBot - INFO - [main.py:42] -  Bot initialization completed successfully
2025-09-29 11:20:18 - FacebookBot - INFO - [main.py:42] -  Bot initialization completed successfully
2025-09-29 11:20:18 - FacebookBot - INFO - [main.py:42] -  Bot initialization completed successfully
2025-09-29 11:20:18 - FacebookBot - INFO - [main.py:42] -  Running single test cycle...
2025-09-29 11:20:18 - FacebookBot - INFO - [main.py:42] -  Running single test cycle...
2025-09-29 11:20:18 - FacebookBot - INFO - [main.py:42] -  Running single test cycle...
2025-09-29 11:20:18 - FacebookBot - INFO - [main.py:42] -  Running single test cycle...
2025-09-29 11:20:18 - FacebookBot - INFO - [main.py:42] -  Running single test cycle...
2025-09-29 11:20:18 - FacebookBot - INFO - [main.py:42] - Starting bot cycle...
2025-09-29 11:20:18 - FacebookBot - INFO - [main.py:42] - Starting bot cycle...
2025-09-29 11:20:18 - FacebookBot - INFO - [main.py:42] - Starting bot cycle...
2025-09-29 11:20:18 - FacebookBot - INFO - [main.py:42] - Starting bot cycle...
2025-09-29 11:20:18 - FacebookBot - INFO - [main.py:42] - Starting bot cycle...
2025-09-29 11:20:44 - FacebookBot - INFO - [main.py:42] - Login attempt 1/3
2025-09-29 11:20:44 - FacebookBot - INFO - [main.py:42] - Login attempt 1/3
2025-09-29 11:20:44 - FacebookBot - INFO - [main.py:42] - Login attempt 1/3
2025-09-29 11:20:44 - FacebookBot - INFO - [main.py:42] - Login attempt 1/3
2025-09-29 11:20:44 - FacebookBot - INFO - [main.py:42] - Login attempt 1/3
2025-09-29 11:20:44 - FacebookBot - ERROR - [main.py:44] -  Login perform error: Message: no such window: target window already closed
from unknown error: web view not found
  (Session info: chrome=140.0.7339.208)
Stacktrace:
	GetHandleVerifier [0x0x7ff742f21eb5+80197]
	GetHandleVerifier [0x0x7ff742f21f10+80288]
	(No symbol) [0x0x7ff742ca02fa]
	(No symbol) [0x0x7ff742c782a1]
	(No symbol) [0x0x7ff742d2799e]
	(No symbol) [0x0x7ff742d48132]
	(No symbol) [0x0x7ff742d20153]
	(No symbol) [0x0x7ff742ce8b02]
	(No symbol) [0x0x7ff742ce98d3]
	GetHandleVerifier [0x0x7ff7431de83d+2949837]
	GetHandleVerifier [0x0x7ff7431d8c6a+2926330]
	GetHandleVerifier [0x0x7ff7431f86c7+3055959]
	GetHandleVerifier [0x0x7ff742f3cfee+191102]
	GetHandleVerifier [0x0x7ff742f450af+224063]
	GetHandleVerifier [0x0x7ff742f2af64+117236]
	GetHandleVerifier [0x0x7ff742f2b119+117673]
	GetHandleVerifier [0x0x7ff742f110a8+11064]
	BaseThreadInitThunk [0x0x7ffcf1617374+20]
	RtlUserThreadStart [0x0x7ffcf265cc91+33]

2025-09-29 11:20:44 - FacebookBot - ERROR - [main.py:44] -  Login perform error: Message: no such window: target window already closed
from unknown error: web view not found
  (Session info: chrome=140.0.7339.208)
Stacktrace:
	GetHandleVerifier [0x0x7ff742f21eb5+80197]
	GetHandleVerifier [0x0x7ff742f21f10+80288]
	(No symbol) [0x0x7ff742ca02fa]
	(No symbol) [0x0x7ff742c782a1]
	(No symbol) [0x0x7ff742d2799e]
	(No symbol) [0x0x7ff742d48132]
	(No symbol) [0x0x7ff742d20153]
	(No symbol) [0x0x7ff742ce8b02]
	(No symbol) [0x0x7ff742ce98d3]
	GetHandleVerifier [0x0x7ff7431de83d+2949837]
	GetHandleVerifier [0x0x7ff7431d8c6a+2926330]
	GetHandleVerifier [0x0x7ff7431f86c7+3055959]
	GetHandleVerifier [0x0x7ff742f3cfee+191102]
	GetHandleVerifier [0x0x7ff742f450af+224063]
	GetHandleVerifier [0x0x7ff742f2af64+117236]
	GetHandleVerifier [0x0x7ff742f2b119+117673]
	GetHandleVerifier [0x0x7ff742f110a8+11064]
	BaseThreadInitThunk [0x0x7ffcf1617374+20]
	RtlUserThreadStart [0x0x7ffcf265cc91+33]

2025-09-29 11:20:44 - FacebookBot - ERROR - [main.py:44] -  Login perform error: Message: no such window: target window already closed
from unknown error: web view not found
  (Session info: chrome=140.0.7339.208)
Stacktrace:
	GetHandleVerifier [0x0x7ff742f21eb5+80197]
	GetHandleVerifier [0x0x7ff742f21f10+80288]
	(No symbol) [0x0x7ff742ca02fa]
	(No symbol) [0x0x7ff742c782a1]
	(No symbol) [0x0x7ff742d2799e]
	(No symbol) [0x0x7ff742d48132]
	(No symbol) [0x0x7ff742d20153]
	(No symbol) [0x0x7ff742ce8b02]
	(No symbol) [0x0x7ff742ce98d3]
	GetHandleVerifier [0x0x7ff7431de83d+2949837]
	GetHandleVerifier [0x0x7ff7431d8c6a+2926330]
	GetHandleVerifier [0x0x7ff7431f86c7+3055959]
	GetHandleVerifier [0x0x7ff742f3cfee+191102]
	GetHandleVerifier [0x0x7ff742f450af+224063]
	GetHandleVerifier [0x0x7ff742f2af64+117236]
	GetHandleVerifier [0x0x7ff742f2b119+117673]
	GetHandleVerifier [0x0x7ff742f110a8+11064]
	BaseThreadInitThunk [0x0x7ffcf1617374+20]
	RtlUserThreadStart [0x0x7ffcf265cc91+33]

2025-09-29 11:20:44 - FacebookBot - ERROR - [main.py:44] -  Login perform error: Message: no such window: target window already closed
from unknown error: web view not found
  (Session info: chrome=140.0.7339.208)
Stacktrace:
	GetHandleVerifier [0x0x7ff742f21eb5+80197]
	GetHandleVerifier [0x0x7ff742f21f10+80288]
	(No symbol) [0x0x7ff742ca02fa]
	(No symbol) [0x0x7ff742c782a1]
	(No symbol) [0x0x7ff742d2799e]
	(No symbol) [0x0x7ff742d48132]
	(No symbol) [0x0x7ff742d20153]
	(No symbol) [0x0x7ff742ce8b02]
	(No symbol) [0x0x7ff742ce98d3]
	GetHandleVerifier [0x0x7ff7431de83d+2949837]
	GetHandleVerifier [0x0x7ff7431d8c6a+2926330]
	GetHandleVerifier [0x0x7ff7431f86c7+3055959]
	GetHandleVerifier [0x0x7ff742f3cfee+191102]
	GetHandleVerifier [0x0x7ff742f450af+224063]
	GetHandleVerifier [0x0x7ff742f2af64+117236]
	GetHandleVerifier [0x0x7ff742f2b119+117673]
	GetHandleVerifier [0x0x7ff742f110a8+11064]
	BaseThreadInitThunk [0x0x7ffcf1617374+20]
	RtlUserThreadStart [0x0x7ffcf265cc91+33]

2025-09-29 11:20:44 - FacebookBot - ERROR - [main.py:44] -  Login perform error: Message: no such window: target window already closed
from unknown error: web view not found
  (Session info: chrome=140.0.7339.208)
Stacktrace:
	GetHandleVerifier [0x0x7ff742f21eb5+80197]
	GetHandleVerifier [0x0x7ff742f21f10+80288]
	(No symbol) [0x0x7ff742ca02fa]
	(No symbol) [0x0x7ff742c782a1]
	(No symbol) [0x0x7ff742d2799e]
	(No symbol) [0x0x7ff742d48132]
	(No symbol) [0x0x7ff742d20153]
	(No symbol) [0x0x7ff742ce8b02]
	(No symbol) [0x0x7ff742ce98d3]
	GetHandleVerifier [0x0x7ff7431de83d+2949837]
	GetHandleVerifier [0x0x7ff7431d8c6a+2926330]
	GetHandleVerifier [0x0x7ff7431f86c7+3055959]
	GetHandleVerifier [0x0x7ff742f3cfee+191102]
	GetHandleVerifier [0x0x7ff742f450af+224063]
	GetHandleVerifier [0x0x7ff742f2af64+117236]
	GetHandleVerifier [0x0x7ff742f2b119+117673]
	GetHandleVerifier [0x0x7ff742f110a8+11064]
	BaseThreadInitThunk [0x0x7ffcf1617374+20]
	RtlUserThreadStart [0x0x7ffcf265cc91+33]

2025-09-29 11:20:49 - FacebookBot - INFO - [main.py:42] - Login attempt 2/3
2025-09-29 11:20:49 - FacebookBot - INFO - [main.py:42] - Login attempt 2/3
2025-09-29 11:20:49 - FacebookBot - INFO - [main.py:42] - Login attempt 2/3
2025-09-29 11:20:49 - FacebookBot - INFO - [main.py:42] - Login attempt 2/3
2025-09-29 11:20:49 - FacebookBot - INFO - [main.py:42] - Login attempt 2/3
2025-09-29 11:20:49 - FacebookBot - ERROR - [main.py:44] -  Login perform error: Message: no such window: target window already closed
from unknown error: web view not found
  (Session info: chrome=140.0.7339.208)
Stacktrace:
	GetHandleVerifier [0x0x7ff742f21eb5+80197]
	GetHandleVerifier [0x0x7ff742f21f10+80288]
	(No symbol) [0x0x7ff742ca02fa]
	(No symbol) [0x0x7ff742c782a1]
	(No symbol) [0x0x7ff742d2799e]
	(No symbol) [0x0x7ff742d48132]
	(No symbol) [0x0x7ff742d20153]
	(No symbol) [0x0x7ff742ce8b02]
	(No symbol) [0x0x7ff742ce98d3]
	GetHandleVerifier [0x0x7ff7431de83d+2949837]
	GetHandleVerifier [0x0x7ff7431d8c6a+2926330]
	GetHandleVerifier [0x0x7ff7431f86c7+3055959]
	GetHandleVerifier [0x0x7ff742f3cfee+191102]
	GetHandleVerifier [0x0x7ff742f450af+224063]
	GetHandleVerifier [0x0x7ff742f2af64+117236]
	GetHandleVerifier [0x0x7ff742f2b119+117673]
	GetHandleVerifier [0x0x7ff742f110a8+11064]
	BaseThreadInitThunk [0x0x7ffcf1617374+20]
	RtlUserThreadStart [0x0x7ffcf265cc91+33]

2025-09-29 11:20:49 - FacebookBot - ERROR - [main.py:44] -  Login perform error: Message: no such window: target window already closed
from unknown error: web view not found
  (Session info: chrome=140.0.7339.208)
Stacktrace:
	GetHandleVerifier [0x0x7ff742f21eb5+80197]
	GetHandleVerifier [0x0x7ff742f21f10+80288]
	(No symbol) [0x0x7ff742ca02fa]
	(No symbol) [0x0x7ff742c782a1]
	(No symbol) [0x0x7ff742d2799e]
	(No symbol) [0x0x7ff742d48132]
	(No symbol) [0x0x7ff742d20153]
	(No symbol) [0x0x7ff742ce8b02]
	(No symbol) [0x0x7ff742ce98d3]
	GetHandleVerifier [0x0x7ff7431de83d+2949837]
	GetHandleVerifier [0x0x7ff7431d8c6a+2926330]
	GetHandleVerifier [0x0x7ff7431f86c7+3055959]
	GetHandleVerifier [0x0x7ff742f3cfee+191102]
	GetHandleVerifier [0x0x7ff742f450af+224063]
	GetHandleVerifier [0x0x7ff742f2af64+117236]
	GetHandleVerifier [0x0x7ff742f2b119+117673]
	GetHandleVerifier [0x0x7ff742f110a8+11064]
	BaseThreadInitThunk [0x0x7ffcf1617374+20]
	RtlUserThreadStart [0x0x7ffcf265cc91+33]

2025-09-29 11:20:49 - FacebookBot - ERROR - [main.py:44] -  Login perform error: Message: no such window: target window already closed
from unknown error: web view not found
  (Session info: chrome=140.0.7339.208)
Stacktrace:
	GetHandleVerifier [0x0x7ff742f21eb5+80197]
	GetHandleVerifier [0x0x7ff742f21f10+80288]
	(No symbol) [0x0x7ff742ca02fa]
	(No symbol) [0x0x7ff742c782a1]
	(No symbol) [0x0x7ff742d2799e]
	(No symbol) [0x0x7ff742d48132]
	(No symbol) [0x0x7ff742d20153]
	(No symbol) [0x0x7ff742ce8b02]
	(No symbol) [0x0x7ff742ce98d3]
	GetHandleVerifier [0x0x7ff7431de83d+2949837]
	GetHandleVerifier [0x0x7ff7431d8c6a+2926330]
	GetHandleVerifier [0x0x7ff7431f86c7+3055959]
	GetHandleVerifier [0x0x7ff742f3cfee+191102]
	GetHandleVerifier [0x0x7ff742f450af+224063]
	GetHandleVerifier [0x0x7ff742f2af64+117236]
	GetHandleVerifier [0x0x7ff742f2b119+117673]
	GetHandleVerifier [0x0x7ff742f110a8+11064]
	BaseThreadInitThunk [0x0x7ffcf1617374+20]
	RtlUserThreadStart [0x0x7ffcf265cc91+33]

2025-09-29 11:20:49 - FacebookBot - ERROR - [main.py:44] -  Login perform error: Message: no such window: target window already closed
from unknown error: web view not found
  (Session info: chrome=140.0.7339.208)
Stacktrace:
	GetHandleVerifier [0x0x7ff742f21eb5+80197]
	GetHandleVerifier [0x0x7ff742f21f10+80288]
	(No symbol) [0x0x7ff742ca02fa]
	(No symbol) [0x0x7ff742c782a1]
	(No symbol) [0x0x7ff742d2799e]
	(No symbol) [0x0x7ff742d48132]
	(No symbol) [0x0x7ff742d20153]
	(No symbol) [0x0x7ff742ce8b02]
	(No symbol) [0x0x7ff742ce98d3]
	GetHandleVerifier [0x0x7ff7431de83d+2949837]
	GetHandleVerifier [0x0x7ff7431d8c6a+2926330]
	GetHandleVerifier [0x0x7ff7431f86c7+3055959]
	GetHandleVerifier [0x0x7ff742f3cfee+191102]
	GetHandleVerifier [0x0x7ff742f450af+224063]
	GetHandleVerifier [0x0x7ff742f2af64+117236]
	GetHandleVerifier [0x0x7ff742f2b119+117673]
	GetHandleVerifier [0x0x7ff742f110a8+11064]
	BaseThreadInitThunk [0x0x7ffcf1617374+20]
	RtlUserThreadStart [0x0x7ffcf265cc91+33]

2025-09-29 11:20:49 - FacebookBot - ERROR - [main.py:44] -  Login perform error: Message: no such window: target window already closed
from unknown error: web view not found
  (Session info: chrome=140.0.7339.208)
Stacktrace:
	GetHandleVerifier [0x0x7ff742f21eb5+80197]
	GetHandleVerifier [0x0x7ff742f21f10+80288]
	(No symbol) [0x0x7ff742ca02fa]
	(No symbol) [0x0x7ff742c782a1]
	(No symbol) [0x0x7ff742d2799e]
	(No symbol) [0x0x7ff742d48132]
	(No symbol) [0x0x7ff742d20153]
	(No symbol) [0x0x7ff742ce8b02]
	(No symbol) [0x0x7ff742ce98d3]
	GetHandleVerifier [0x0x7ff7431de83d+2949837]
	GetHandleVerifier [0x0x7ff7431d8c6a+2926330]
	GetHandleVerifier [0x0x7ff7431f86c7+3055959]
	GetHandleVerifier [0x0x7ff742f3cfee+191102]
	GetHandleVerifier [0x0x7ff742f450af+224063]
	GetHandleVerifier [0x0x7ff742f2af64+117236]
	GetHandleVerifier [0x0x7ff742f2b119+117673]
	GetHandleVerifier [0x0x7ff742f110a8+11064]
	BaseThreadInitThunk [0x0x7ffcf1617374+20]
	RtlUserThreadStart [0x0x7ffcf265cc91+33]

2025-09-29 11:20:54 - FacebookBot - INFO - [main.py:42] - Login attempt 3/3
2025-09-29 11:20:54 - FacebookBot - INFO - [main.py:42] - Login attempt 3/3
2025-09-29 11:20:54 - FacebookBot - INFO - [main.py:42] - Login attempt 3/3
2025-09-29 11:20:54 - FacebookBot - INFO - [main.py:42] - Login attempt 3/3
2025-09-29 11:20:54 - FacebookBot - INFO - [main.py:42] - Login attempt 3/3
2025-09-29 11:20:54 - FacebookBot - ERROR - [main.py:44] -  Login perform error: Message: no such window: target window already closed
from unknown error: web view not found
  (Session info: chrome=140.0.7339.208)
Stacktrace:
	GetHandleVerifier [0x0x7ff742f21eb5+80197]
	GetHandleVerifier [0x0x7ff742f21f10+80288]
	(No symbol) [0x0x7ff742ca02fa]
	(No symbol) [0x0x7ff742c782a1]
	(No symbol) [0x0x7ff742d2799e]
	(No symbol) [0x0x7ff742d48132]
	(No symbol) [0x0x7ff742d20153]
	(No symbol) [0x0x7ff742ce8b02]
	(No symbol) [0x0x7ff742ce98d3]
	GetHandleVerifier [0x0x7ff7431de83d+2949837]
	GetHandleVerifier [0x0x7ff7431d8c6a+2926330]
	GetHandleVerifier [0x0x7ff7431f86c7+3055959]
	GetHandleVerifier [0x0x7ff742f3cfee+191102]
	GetHandleVerifier [0x0x7ff742f450af+224063]
	GetHandleVerifier [0x0x7ff742f2af64+117236]
	GetHandleVerifier [0x0x7ff742f2b119+117673]
	GetHandleVerifier [0x0x7ff742f110a8+11064]
	BaseThreadInitThunk [0x0x7ffcf1617374+20]
	RtlUserThreadStart [0x0x7ffcf265cc91+33]

2025-09-29 11:20:54 - FacebookBot - ERROR - [main.py:44] -  Login perform error: Message: no such window: target window already closed
from unknown error: web view not found
  (Session info: chrome=140.0.7339.208)
Stacktrace:
	GetHandleVerifier [0x0x7ff742f21eb5+80197]
	GetHandleVerifier [0x0x7ff742f21f10+80288]
	(No symbol) [0x0x7ff742ca02fa]
	(No symbol) [0x0x7ff742c782a1]
	(No symbol) [0x0x7ff742d2799e]
	(No symbol) [0x0x7ff742d48132]
	(No symbol) [0x0x7ff742d20153]
	(No symbol) [0x0x7ff742ce8b02]
	(No symbol) [0x0x7ff742ce98d3]
	GetHandleVerifier [0x0x7ff7431de83d+2949837]
	GetHandleVerifier [0x0x7ff7431d8c6a+2926330]
	GetHandleVerifier [0x0x7ff7431f86c7+3055959]
	GetHandleVerifier [0x0x7ff742f3cfee+191102]
	GetHandleVerifier [0x0x7ff742f450af+224063]
	GetHandleVerifier [0x0x7ff742f2af64+117236]
	GetHandleVerifier [0x0x7ff742f2b119+117673]
	GetHandleVerifier [0x0x7ff742f110a8+11064]
	BaseThreadInitThunk [0x0x7ffcf1617374+20]
	RtlUserThreadStart [0x0x7ffcf265cc91+33]

2025-09-29 11:20:54 - FacebookBot - ERROR - [main.py:44] -  Login perform error: Message: no such window: target window already closed
from unknown error: web view not found
  (Session info: chrome=140.0.7339.208)
Stacktrace:
	GetHandleVerifier [0x0x7ff742f21eb5+80197]
	GetHandleVerifier [0x0x7ff742f21f10+80288]
	(No symbol) [0x0x7ff742ca02fa]
	(No symbol) [0x0x7ff742c782a1]
	(No symbol) [0x0x7ff742d2799e]
	(No symbol) [0x0x7ff742d48132]
	(No symbol) [0x0x7ff742d20153]
	(No symbol) [0x0x7ff742ce8b02]
	(No symbol) [0x0x7ff742ce98d3]
	GetHandleVerifier [0x0x7ff7431de83d+2949837]
	GetHandleVerifier [0x0x7ff7431d8c6a+2926330]
	GetHandleVerifier [0x0x7ff7431f86c7+3055959]
	GetHandleVerifier [0x0x7ff742f3cfee+191102]
	GetHandleVerifier [0x0x7ff742f450af+224063]
	GetHandleVerifier [0x0x7ff742f2af64+117236]
	GetHandleVerifier [0x0x7ff742f2b119+117673]
	GetHandleVerifier [0x0x7ff742f110a8+11064]
	BaseThreadInitThunk [0x0x7ffcf1617374+20]
	RtlUserThreadStart [0x0x7ffcf265cc91+33]

2025-09-29 11:20:54 - FacebookBot - ERROR - [main.py:44] -  Login perform error: Message: no such window: target window already closed
from unknown error: web view not found
  (Session info: chrome=140.0.7339.208)
Stacktrace:
	GetHandleVerifier [0x0x7ff742f21eb5+80197]
	GetHandleVerifier [0x0x7ff742f21f10+80288]
	(No symbol) [0x0x7ff742ca02fa]
	(No symbol) [0x0x7ff742c782a1]
	(No symbol) [0x0x7ff742d2799e]
	(No symbol) [0x0x7ff742d48132]
	(No symbol) [0x0x7ff742d20153]
	(No symbol) [0x0x7ff742ce8b02]
	(No symbol) [0x0x7ff742ce98d3]
	GetHandleVerifier [0x0x7ff7431de83d+2949837]
	GetHandleVerifier [0x0x7ff7431d8c6a+2926330]
	GetHandleVerifier [0x0x7ff7431f86c7+3055959]
	GetHandleVerifier [0x0x7ff742f3cfee+191102]
	GetHandleVerifier [0x0x7ff742f450af+224063]
	GetHandleVerifier [0x0x7ff742f2af64+117236]
	GetHandleVerifier [0x0x7ff742f2b119+117673]
	GetHandleVerifier [0x0x7ff742f110a8+11064]
	BaseThreadInitThunk [0x0x7ffcf1617374+20]
	RtlUserThreadStart [0x0x7ffcf265cc91+33]

2025-09-29 11:20:54 - FacebookBot - ERROR - [main.py:44] -  Login perform error: Message: no such window: target window already closed
from unknown error: web view not found
  (Session info: chrome=140.0.7339.208)
Stacktrace:
	GetHandleVerifier [0x0x7ff742f21eb5+80197]
	GetHandleVerifier [0x0x7ff742f21f10+80288]
	(No symbol) [0x0x7ff742ca02fa]
	(No symbol) [0x0x7ff742c782a1]
	(No symbol) [0x0x7ff742d2799e]
	(No symbol) [0x0x7ff742d48132]
	(No symbol) [0x0x7ff742d20153]
	(No symbol) [0x0x7ff742ce8b02]
	(No symbol) [0x0x7ff742ce98d3]
	GetHandleVerifier [0x0x7ff7431de83d+2949837]
	GetHandleVerifier [0x0x7ff7431d8c6a+2926330]
	GetHandleVerifier [0x0x7ff7431f86c7+3055959]
	GetHandleVerifier [0x0x7ff742f3cfee+191102]
	GetHandleVerifier [0x0x7ff742f450af+224063]
	GetHandleVerifier [0x0x7ff742f2af64+117236]
	GetHandleVerifier [0x0x7ff742f2b119+117673]
	GetHandleVerifier [0x0x7ff742f110a8+11064]
	BaseThreadInitThunk [0x0x7ffcf1617374+20]
	RtlUserThreadStart [0x0x7ffcf265cc91+33]

2025-09-29 11:20:59 - FacebookBot - ERROR - [main.py:44] -  Login failed, stopping cycle
2025-09-29 11:20:59 - FacebookBot - ERROR - [main.py:44] -  Login failed, stopping cycle
2025-09-29 11:20:59 - FacebookBot - ERROR - [main.py:44] -  Login failed, stopping cycle
2025-09-29 11:20:59 - FacebookBot - ERROR - [main.py:44] -  Login failed, stopping cycle
2025-09-29 11:20:59 - FacebookBot - ERROR - [main.py:44] -  Login failed, stopping cycle
2025-09-29 11:20:59 - FacebookBot - ERROR - [main.py:44] -  Test cycle failed!
2025-09-29 11:20:59 - FacebookBot - ERROR - [main.py:44] -  Test cycle failed!
2025-09-29 11:20:59 - FacebookBot - ERROR - [main.py:44] -  Test cycle failed!
2025-09-29 11:20:59 - FacebookBot - ERROR - [main.py:44] -  Test cycle failed!
2025-09-29 11:20:59 - FacebookBot - ERROR - [main.py:44] -  Test cycle failed!
2025-09-29 16:21:45 - FacebookBot - INFO - [main.py:42] -  Advanced database setup completed successfully
2025-09-29 16:21:45 - FacebookBot - INFO - [main.py:42] -  Advanced database setup completed successfully
2025-09-29 16:21:45 - FacebookBot - INFO - [main.py:42] -  Initializing Advanced Facebook Bot...
2025-09-29 16:21:45 - FacebookBot - INFO - [main.py:42] -  Initializing Advanced Facebook Bot...
2025-09-29 16:21:45 - FacebookBot - INFO - [main.py:42] -  Initializing Advanced Facebook Bot...
2025-09-29 16:21:45 - FacebookBot - INFO - [main.py:42] -  Initializing Advanced Facebook Bot...
2025-09-29 16:21:45 - FacebookBot - INFO - [main.py:42] -  Initializing Advanced Facebook Bot...
2025-09-29 16:22:10 - FacebookBot - INFO - [main.py:42] -  Advanced browser initialized successfully - Session: 9b94d3ecac752436
2025-09-29 16:22:10 - FacebookBot - INFO - [main.py:42] -  Advanced browser initialized successfully - Session: 9b94d3ecac752436
2025-09-29 16:22:10 - FacebookBot - INFO - [main.py:42] -  Advanced browser initialized successfully - Session: 9b94d3ecac752436
2025-09-29 16:22:10 - FacebookBot - INFO - [main.py:42] -  Advanced browser initialized successfully - Session: 9b94d3ecac752436
2025-09-29 16:22:10 - FacebookBot - INFO - [main.py:42] -  Advanced browser initialized successfully - Session: 9b94d3ecac752436
2025-09-29 16:22:10 - FacebookBot - INFO - [main.py:42] -  Bot initialization completed successfully
2025-09-29 16:22:10 - FacebookBot - INFO - [main.py:42] -  Bot initialization completed successfully
2025-09-29 16:22:10 - FacebookBot - INFO - [main.py:42] -  Bot initialization completed successfully
2025-09-29 16:22:10 - FacebookBot - INFO - [main.py:42] -  Bot initialization completed successfully
2025-09-29 16:22:10 - FacebookBot - INFO - [main.py:42] -  Bot initialization completed successfully
2025-09-29 16:22:10 - FacebookBot - INFO - [main.py:42] -  Running single test cycle...
2025-09-29 16:22:10 - FacebookBot - INFO - [main.py:42] -  Running single test cycle...
2025-09-29 16:22:10 - FacebookBot - INFO - [main.py:42] -  Running single test cycle...
2025-09-29 16:22:10 - FacebookBot - INFO - [main.py:42] -  Running single test cycle...
2025-09-29 16:22:10 - FacebookBot - INFO - [main.py:42] -  Running single test cycle...
2025-09-29 16:22:10 - FacebookBot - INFO - [main.py:42] - Starting bot cycle...
2025-09-29 16:22:10 - FacebookBot - INFO - [main.py:42] - Starting bot cycle...
2025-09-29 16:22:10 - FacebookBot - INFO - [main.py:42] - Starting bot cycle...
2025-09-29 16:22:10 - FacebookBot - INFO - [main.py:42] - Starting bot cycle...
2025-09-29 16:22:10 - FacebookBot - INFO - [main.py:42] - Starting bot cycle...
2025-09-29 16:22:36 - FacebookBot - INFO - [main.py:42] -  Logged in via cookies
2025-09-29 16:22:36 - FacebookBot - INFO - [main.py:42] -  Logged in via cookies
2025-09-29 16:22:36 - FacebookBot - INFO - [main.py:42] -  Logged in via cookies
2025-09-29 16:22:36 - FacebookBot - INFO - [main.py:42] -  Logged in via cookies
2025-09-29 16:22:36 - FacebookBot - INFO - [main.py:42] -  Logged in via cookies
2025-09-29 16:22:55 - FacebookBot - INFO - [main.py:42] -  Successfully navigated to Marketplace
2025-09-29 16:22:55 - FacebookBot - INFO - [main.py:42] -  Successfully navigated to Marketplace
2025-09-29 16:22:55 - FacebookBot - INFO - [main.py:42] -  Successfully navigated to Marketplace
2025-09-29 16:22:55 - FacebookBot - INFO - [main.py:42] -  Successfully navigated to Marketplace
2025-09-29 16:22:55 - FacebookBot - INFO - [main.py:42] -  Successfully navigated to Marketplace
2025-09-29 16:23:36 - FacebookBot - INFO - [main.py:42] -  Found 0 active listings
2025-09-29 16:23:36 - FacebookBot - INFO - [main.py:42] -  Found 0 active listings
2025-09-29 16:23:36 - FacebookBot - INFO - [main.py:42] -  Found 0 active listings
2025-09-29 16:23:36 - FacebookBot - INFO - [main.py:42] -  Found 0 active listings
2025-09-29 16:23:36 - FacebookBot - INFO - [main.py:42] -  Found 0 active listings
2025-09-29 16:23:36 - FacebookBot - WARNING - [main.py:46] -  No listings found
2025-09-29 16:23:36 - FacebookBot - WARNING - [main.py:46] -  No listings found
2025-09-29 16:23:36 - FacebookBot - WARNING - [main.py:46] -  No listings found
2025-09-29 16:23:36 - FacebookBot - WARNING - [main.py:46] -  No listings found
2025-09-29 16:23:36 - FacebookBot - WARNING - [main.py:46] -  No listings found
2025-09-29 16:23:36 - FacebookBot - INFO - [main.py:42] -  Test cycle completed successfully!
2025-09-29 16:23:36 - FacebookBot - INFO - [main.py:42] -  Test cycle completed successfully!
2025-09-29 16:23:36 - FacebookBot - INFO - [main.py:42] -  Test cycle completed successfully!
2025-09-29 16:23:36 - FacebookBot - INFO - [main.py:42] -  Test cycle completed successfully!
2025-09-29 16:23:36 - FacebookBot - INFO - [main.py:42] -  Test cycle completed successfully!
2025-09-29 16:24:25 - FacebookBot - INFO - [main.py:42] -  Starting continuous operation...
2025-09-29 16:24:25 - FacebookBot - INFO - [main.py:42] -  Starting continuous operation...
2025-09-29 16:24:25 - FacebookBot - INFO - [main.py:42] -  Starting continuous operation...
2025-09-29 16:24:25 - FacebookBot - INFO - [main.py:42] -  Starting continuous operation...
2025-09-29 16:24:25 - FacebookBot - INFO - [main.py:42] -  Starting continuous operation...
2025-09-29 16:24:25 - FacebookBot - INFO - [main.py:42] - Starting continuous bot operation (interval: 6 hours)
2025-09-29 16:24:25 - FacebookBot - INFO - [main.py:42] - Starting continuous bot operation (interval: 6 hours)
2025-09-29 16:24:25 - FacebookBot - INFO - [main.py:42] - Starting continuous bot operation (interval: 6 hours)
2025-09-29 16:24:25 - FacebookBot - INFO - [main.py:42] - Starting continuous bot operation (interval: 6 hours)
2025-09-29 16:24:25 - FacebookBot - INFO - [main.py:42] - Starting continuous bot operation (interval: 6 hours)
2025-09-29 16:24:25 - FacebookBot - INFO - [main.py:42] - Starting cycle 1...
2025-09-29 16:24:25 - FacebookBot - INFO - [main.py:42] - Starting cycle 1...
2025-09-29 16:24:25 - FacebookBot - INFO - [main.py:42] - Starting cycle 1...
2025-09-29 16:24:25 - FacebookBot - INFO - [main.py:42] - Starting cycle 1...
2025-09-29 16:24:25 - FacebookBot - INFO - [main.py:42] - Starting cycle 1...
2025-09-29 16:24:25 - FacebookBot - INFO - [main.py:42] - Starting bot cycle...
2025-09-29 16:24:25 - FacebookBot - INFO - [main.py:42] - Starting bot cycle...
2025-09-29 16:24:25 - FacebookBot - INFO - [main.py:42] - Starting bot cycle...
2025-09-29 16:24:25 - FacebookBot - INFO - [main.py:42] - Starting bot cycle...
2025-09-29 16:24:25 - FacebookBot - INFO - [main.py:42] - Starting bot cycle...
2025-09-29 16:24:46 - FacebookBot - INFO - [main.py:42] -  Logged in via cookies
2025-09-29 16:24:46 - FacebookBot - INFO - [main.py:42] -  Logged in via cookies
2025-09-29 16:24:46 - FacebookBot - INFO - [main.py:42] -  Logged in via cookies
2025-09-29 16:24:46 - FacebookBot - INFO - [main.py:42] -  Logged in via cookies
2025-09-29 16:24:46 - FacebookBot - INFO - [main.py:42] -  Logged in via cookies
2025-09-29 16:24:56 - FacebookBot - INFO - [main.py:42] -  Successfully navigated to Marketplace
2025-09-29 16:24:56 - FacebookBot - INFO - [main.py:42] -  Successfully navigated to Marketplace
2025-09-29 16:24:56 - FacebookBot - INFO - [main.py:42] -  Successfully navigated to Marketplace
2025-09-29 16:24:56 - FacebookBot - INFO - [main.py:42] -  Successfully navigated to Marketplace
2025-09-29 16:24:56 - FacebookBot - INFO - [main.py:42] -  Successfully navigated to Marketplace
2025-09-29 16:25:39 - FacebookBot - INFO - [main.py:42] -  Found 0 active listings
2025-09-29 16:25:39 - FacebookBot - INFO - [main.py:42] -  Found 0 active listings
2025-09-29 16:25:39 - FacebookBot - INFO - [main.py:42] -  Found 0 active listings
2025-09-29 16:25:39 - FacebookBot - INFO - [main.py:42] -  Found 0 active listings
2025-09-29 16:25:39 - FacebookBot - INFO - [main.py:42] -  Found 0 active listings
2025-09-29 16:25:39 - FacebookBot - WARNING - [main.py:46] -  No listings found
2025-09-29 16:25:39 - FacebookBot - WARNING - [main.py:46] -  No listings found
2025-09-29 16:25:39 - FacebookBot - WARNING - [main.py:46] -  No listings found
2025-09-29 16:25:39 - FacebookBot - WARNING - [main.py:46] -  No listings found
2025-09-29 16:25:39 - FacebookBot - WARNING - [main.py:46] -  No listings found
2025-09-29 16:25:39 - FacebookBot - INFO - [main.py:42] -  Cycle 1 completed successfully
2025-09-29 16:25:39 - FacebookBot - INFO - [main.py:42] -  Cycle 1 completed successfully
2025-09-29 16:25:39 - FacebookBot - INFO - [main.py:42] -  Cycle 1 completed successfully
2025-09-29 16:25:39 - FacebookBot - INFO - [main.py:42] -  Cycle 1 completed successfully
2025-09-29 16:25:39 - FacebookBot - INFO - [main.py:42] -  Cycle 1 completed successfully
2025-09-29 16:25:39 - FacebookBot - INFO - [main.py:42] - Next cycle at: 2025-09-29 22:25:39
2025-09-29 16:25:39 - FacebookBot - INFO - [main.py:42] - Next cycle at: 2025-09-29 22:25:39
2025-09-29 16:25:39 - FacebookBot - INFO - [main.py:42] - Next cycle at: 2025-09-29 22:25:39
2025-09-29 16:25:39 - FacebookBot - INFO - [main.py:42] - Next cycle at: 2025-09-29 22:25:39
2025-09-29 16:25:39 - FacebookBot - INFO - [main.py:42] - Next cycle at: 2025-09-29 22:25:39
2025-09-29 16:25:39 - FacebookBot - INFO - [main.py:42] - 6 hours until next cycle...
2025-09-29 16:25:39 - FacebookBot - INFO - [main.py:42] - 6 hours until next cycle...
2025-09-29 16:25:39 - FacebookBot - INFO - [main.py:42] - 6 hours until next cycle...
2025-09-29 16:25:39 - FacebookBot - INFO - [main.py:42] - 6 hours until next cycle...
2025-09-29 16:25:39 - FacebookBot - INFO - [main.py:42] - 6 hours until next cycle...
2025-09-29 16:30:53 - FacebookBot - INFO - [main.py:42] - Bot stopped by user
2025-09-29 16:30:53 - FacebookBot - INFO - [main.py:42] - Bot stopped by user
2025-09-29 16:30:53 - FacebookBot - INFO - [main.py:42] - Bot stopped by user
2025-09-29 16:30:53 - FacebookBot - INFO - [main.py:42] - Bot stopped by user
2025-09-29 16:30:53 - FacebookBot - INFO - [main.py:42] - Bot stopped by user
2025-09-29 16:31:05 - FacebookBot - INFO - [main.py:42] -  Browser closed successfully
2025-09-29 16:31:05 - FacebookBot - INFO - [main.py:42] -  Browser closed successfully
2025-09-29 16:31:05 - FacebookBot - INFO - [main.py:42] -  Browser closed successfully
2025-09-29 16:31:05 - FacebookBot - INFO - [main.py:42] -  Browser closed successfully
2025-09-29 16:31:05 - FacebookBot - INFO - [main.py:42] -  Browser closed successfully
2025-09-29 16:31:05 - FacebookBot - INFO - [main.py:42] -  Bot cleanup completed
2025-09-29 16:31:05 - FacebookBot - INFO - [main.py:42] -  Bot cleanup completed
2025-09-29 16:31:05 - FacebookBot - INFO - [main.py:42] -  Bot cleanup completed
2025-09-29 16:31:05 - FacebookBot - INFO - [main.py:42] -  Bot cleanup completed
2025-09-29 16:31:05 - FacebookBot - INFO - [main.py:42] -  Bot cleanup completed
2025-09-29 16:31:20 - FacebookBot - INFO - [main.py:42] -  Advanced database setup completed successfully
2025-09-29 16:31:20 - FacebookBot - INFO - [main.py:42] -  Advanced database setup completed successfully
2025-09-29 16:31:20 - FacebookBot - INFO - [main.py:42] -  Initializing Advanced Facebook Bot...
2025-09-29 16:31:20 - FacebookBot - INFO - [main.py:42] -  Initializing Advanced Facebook Bot...
2025-09-29 16:31:20 - FacebookBot - INFO - [main.py:42] -  Initializing Advanced Facebook Bot...
2025-09-29 16:31:20 - FacebookBot - INFO - [main.py:42] -  Initializing Advanced Facebook Bot...
2025-09-29 16:31:20 - FacebookBot - INFO - [main.py:42] -  Initializing Advanced Facebook Bot...
2025-09-29 16:31:22 - FacebookBot - INFO - [main.py:42] -  Advanced browser initialized successfully - Session: 73393ebef21daee5
2025-09-29 16:31:22 - FacebookBot - INFO - [main.py:42] -  Advanced browser initialized successfully - Session: 73393ebef21daee5
2025-09-29 16:31:22 - FacebookBot - INFO - [main.py:42] -  Advanced browser initialized successfully - Session: 73393ebef21daee5
2025-09-29 16:31:22 - FacebookBot - INFO - [main.py:42] -  Advanced browser initialized successfully - Session: 73393ebef21daee5
2025-09-29 16:31:22 - FacebookBot - INFO - [main.py:42] -  Advanced browser initialized successfully - Session: 73393ebef21daee5
2025-09-29 16:31:22 - FacebookBot - INFO - [main.py:42] -  Bot initialization completed successfully
2025-09-29 16:31:22 - FacebookBot - INFO - [main.py:42] -  Bot initialization completed successfully
2025-09-29 16:31:22 - FacebookBot - INFO - [main.py:42] -  Bot initialization completed successfully
2025-09-29 16:31:22 - FacebookBot - INFO - [main.py:42] -  Bot initialization completed successfully
2025-09-29 16:31:22 - FacebookBot - INFO - [main.py:42] -  Bot initialization completed successfully
2025-09-29 16:31:23 - FacebookBot - INFO - [main.py:42] -  Running single test cycle...
2025-09-29 16:31:23 - FacebookBot - INFO - [main.py:42] -  Running single test cycle...
2025-09-29 16:31:23 - FacebookBot - INFO - [main.py:42] -  Running single test cycle...
2025-09-29 16:31:23 - FacebookBot - INFO - [main.py:42] -  Running single test cycle...
2025-09-29 16:31:23 - FacebookBot - INFO - [main.py:42] -  Running single test cycle...
2025-09-29 16:31:23 - FacebookBot - INFO - [main.py:42] - Starting bot cycle...
2025-09-29 16:31:23 - FacebookBot - INFO - [main.py:42] - Starting bot cycle...
2025-09-29 16:31:23 - FacebookBot - INFO - [main.py:42] - Starting bot cycle...
2025-09-29 16:31:23 - FacebookBot - INFO - [main.py:42] - Starting bot cycle...
2025-09-29 16:31:23 - FacebookBot - INFO - [main.py:42] - Starting bot cycle...
2025-09-29 16:31:54 - FacebookBot - INFO - [main.py:42] -  Logged in via cookies
2025-09-29 16:31:54 - FacebookBot - INFO - [main.py:42] -  Logged in via cookies
2025-09-29 16:31:54 - FacebookBot - INFO - [main.py:42] -  Logged in via cookies
2025-09-29 16:31:54 - FacebookBot - INFO - [main.py:42] -  Logged in via cookies
2025-09-29 16:31:54 - FacebookBot - INFO - [main.py:42] -  Logged in via cookies
2025-09-29 16:32:09 - FacebookBot - INFO - [main.py:42] -  Successfully navigated to Marketplace
2025-09-29 16:32:09 - FacebookBot - INFO - [main.py:42] -  Successfully navigated to Marketplace
2025-09-29 16:32:09 - FacebookBot - INFO - [main.py:42] -  Successfully navigated to Marketplace
2025-09-29 16:32:09 - FacebookBot - INFO - [main.py:42] -  Successfully navigated to Marketplace
2025-09-29 16:32:09 - FacebookBot - INFO - [main.py:42] -  Successfully navigated to Marketplace
2025-09-29 16:32:52 - FacebookBot - INFO - [main.py:42] -  Found 0 active listings
2025-09-29 16:32:52 - FacebookBot - INFO - [main.py:42] -  Found 0 active listings
2025-09-29 16:32:52 - FacebookBot - INFO - [main.py:42] -  Found 0 active listings
2025-09-29 16:32:52 - FacebookBot - INFO - [main.py:42] -  Found 0 active listings
2025-09-29 16:32:52 - FacebookBot - INFO - [main.py:42] -  Found 0 active listings
2025-09-29 16:32:52 - FacebookBot - WARNING - [main.py:46] -  No listings found
2025-09-29 16:32:52 - FacebookBot - WARNING - [main.py:46] -  No listings found
2025-09-29 16:32:52 - FacebookBot - WARNING - [main.py:46] -  No listings found
2025-09-29 16:32:52 - FacebookBot - WARNING - [main.py:46] -  No listings found
2025-09-29 16:32:52 - FacebookBot - WARNING - [main.py:46] -  No listings found
2025-09-29 16:32:52 - FacebookBot - INFO - [main.py:42] -  Test cycle completed successfully!
2025-09-29 16:32:52 - FacebookBot - INFO - [main.py:42] -  Test cycle completed successfully!
2025-09-29 16:32:52 - FacebookBot - INFO - [main.py:42] -  Test cycle completed successfully!
2025-09-29 16:32:52 - FacebookBot - INFO - [main.py:42] -  Test cycle completed successfully!
2025-09-29 16:32:52 - FacebookBot - INFO - [main.py:42] -  Test cycle completed successfully!
2025-09-29 16:32:56 - FacebookBot - INFO - [main.py:42] -  Single cycle completed, exiting...
2025-09-29 16:32:56 - FacebookBot - INFO - [main.py:42] -  Single cycle completed, exiting...
2025-09-29 16:32:56 - FacebookBot - INFO - [main.py:42] -  Single cycle completed, exiting...
2025-09-29 16:32:56 - FacebookBot - INFO - [main.py:42] -  Single cycle completed, exiting...
2025-09-29 16:32:56 - FacebookBot - INFO - [main.py:42] -  Single cycle completed, exiting...
2025-09-29 16:33:00 - FacebookBot - INFO - [main.py:42] -  Browser closed successfully
2025-09-29 16:33:00 - FacebookBot - INFO - [main.py:42] -  Browser closed successfully
2025-09-29 16:33:00 - FacebookBot - INFO - [main.py:42] -  Browser closed successfully
2025-09-29 16:33:00 - FacebookBot - INFO - [main.py:42] -  Browser closed successfully
2025-09-29 16:33:00 - FacebookBot - INFO - [main.py:42] -  Browser closed successfully
2025-09-29 16:33:00 - FacebookBot - INFO - [main.py:42] -  Bot cleanup completed
2025-09-29 16:33:00 - FacebookBot - INFO - [main.py:42] -  Bot cleanup completed
2025-09-29 16:33:00 - FacebookBot - INFO - [main.py:42] -  Bot cleanup completed
2025-09-29 16:33:00 - FacebookBot - INFO - [main.py:42] -  Bot cleanup completed
2025-09-29 16:33:00 - FacebookBot - INFO - [main.py:42] -  Bot cleanup completed
